#
# There is insufficient memory for the Java Runtime Environment to continue.
# Native memory allocation (mmap) failed to map 266338304 bytes for G1 virtual space
# Possible reasons:
#   The system is out of physical RAM or swap space
#   The process is running with CompressedOops enabled, and the Java Heap may be blocking the growth of the native heap
# Possible solutions:
#   Reduce memory load on the system
#   Increase physical memory or swap space
#   Check if swap backing store is full
#   Decrease Java heap size (-Xmx/-Xms)
#   Decrease number of Java threads
#   Decrease Java thread stack sizes (-Xss)
#   Set larger code cache with -XX:ReservedCodeCacheSize=
#   JVM is running with Zero Based Compressed Oops mode in which the Java heap is
#     placed in the first 32GB address space. The Java Heap base address is the
#     maximum limit for the native heap growth. Please use -XX:HeapBaseMinAddress
#     to set the Java Heap base and to place the Java Heap above 32GB virtual address.
# This output file may be truncated or incomplete.
#
#  Out of Memory Error (os_windows.cpp:3532), pid=33052, tid=28116
#
# JRE version:  (17.0.2+8) (build )
# Java VM: Java HotSpot(TM) 64-Bit Server VM (17.0.2+8-LTS-86, mixed mode, sharing, tiered, compressed oops, compressed class ptrs, g1 gc, windows-amd64)
# No core dump will be written. Minidumps are not enabled by default on client versions of Windows
#

---------------  S U M M A R Y ------------

Command Line: --module-path=C:\Users\adelb\.m2\repository\org\openjfx\javafx-base\21.0.2\javafx-base-21.0.2-win.jar;C:\Users\adelb\.m2\repository\org\openjfx\javafx-base\21.0.2\javafx-base-21.0.2.jar;C:\Users\adelb\.m2\repository\org\openjfx\javafx-controls\21.0.2\javafx-controls-21.0.2-win.jar;C:\Users\adelb\.m2\repository\org\openjfx\javafx-controls\21.0.2\javafx-controls-21.0.2.jar;C:\Users\adelb\.m2\repository\org\openjfx\javafx-fxml\21.0.2\javafx-fxml-21.0.2-win.jar;C:\Users\adelb\.m2\repository\org\openjfx\javafx-fxml\21.0.2\javafx-fxml-21.0.2.jar;C:\Users\adelb\.m2\repository\org\openjfx\javafx-graphics\21.0.2\javafx-graphics-21.0.2-win.jar;C:\Users\adelb\.m2\repository\org\openjfx\javafx-graphics\21.0.2\javafx-graphics-21.0.2.jar --add-modules=javafx.base,javafx.controls,javafx.fxml,javafx.graphics test.MainFX

Host: Intel(R) Core(TM) i7-10750H CPU @ 2.60GHz, 12 cores, 15G,  Windows 11 , 64 bit Build 22621 (10.0.22621.3085)
Time: Sat Mar  2 02:51:44 2024 W. Central Africa Standard Time elapsed time: 0.006338 seconds (0d 0h 0m 0s)

---------------  T H R E A D  ---------------

Current thread (0x0000027074c261a0):  JavaThread "Unknown thread" [_thread_in_vm, id=28116, stack(0x0000008795900000,0x0000008795a00000)]

Stack: [0x0000008795900000,0x0000008795a00000]
Native frames: (J=compiled Java code, j=interpreted, Vv=VM code, C=native code)
V  [jvm.dll+0x670baa]
V  [jvm.dll+0x7cfcb4]
V  [jvm.dll+0x7d145e]
V  [jvm.dll+0x7d1ac3]
V  [jvm.dll+0x242bc5]
V  [jvm.dll+0x66dac9]
V  [jvm.dll+0x662412]
V  [jvm.dll+0x300c0b]
V  [jvm.dll+0x3081a6]
V  [jvm.dll+0x357d0e]
V  [jvm.dll+0x357f3f]
V  [jvm.dll+0x2d7ec8]
V  [jvm.dll+0x2d8e34]
V  [jvm.dll+0x7a18c1]
V  [jvm.dll+0x365a91]
V  [jvm.dll+0x780d2c]
V  [jvm.dll+0x3e845f]
V  [jvm.dll+0x3e9f01]
C  [jli.dll+0x527b]
C  [ucrtbase.dll+0x29363]
C  [KERNEL32.DLL+0x1257d]
C  [ntdll.dll+0x5aa58]


---------------  P R O C E S S  ---------------

Threads class SMR info:
_java_thread_list=0x00007ffdb7849858, length=0, elements={
}

Java Threads: ( => current thread )

Other Threads:
  0x0000027074c76640 GCTaskThread "GC Thread#0" [stack: 0x0000008795a00000,0x0000008795b00000] [id=25532]
  0x0000027074c882d0 ConcurrentGCThread "G1 Main Marker" [stack: 0x0000008795b00000,0x0000008795c00000] [id=34040]
  0x0000027074c89480 ConcurrentGCThread "G1 Conc#0" [stack: 0x0000008795c00000,0x0000008795d00000] [id=31768]

[error occurred during error reporting (printing all threads), id 0xc0000005, EXCEPTION_ACCESS_VIOLATION (0xc0000005) at pc=0x00007ffdb70988a7]

VM state: not at safepoint (not fully initialized)

VM Mutex/Monitor currently owned by a thread:  ([mutex/lock_event])
[0x0000027074c21290] Heap_lock - owner thread: 0x0000027074c261a0

Heap address: 0x0000000702c00000, size: 4052 MB, Compressed Oops mode: Zero based, Oop shift amount: 3

CDS archive(s) mapped at: [0x0000000000000000-0x0000000000000000-0x0000000000000000), size 0, SharedBaseAddress: 0x0000000800000000, ArchiveRelocationMode: 0.
Narrow klass base: 0x0000000000000000, Narrow klass shift: 0, Narrow klass range: 0x0

GC Precious Log:
<Empty>

Heap:
 garbage-first heap   total 0K, used 0K [0x0000000702c00000, 0x0000000800000000)
  region size 2048K, 0 young (0K), 0 survivors (0K)

[error occurred during error reporting (printing heap information), id 0xc0000005, EXCEPTION_ACCESS_VIOLATION (0xc0000005) at pc=0x00007ffdb7479f19]

GC Heap History (0 events):
No events

Deoptimization events (0 events):
No events

Classes unloaded (0 events):
No events

Classes redefined (0 events):
No events

Internal exceptions (0 events):
No events

VM Operations (0 events):
No events

Events (1 events):
Event: 0.004 Loaded shared library C:\Program Files\Java\jdk-17.0.2\bin\java.dll


Dynamic libraries:
0x00007ff796f60000 - 0x00007ff796f70000 	C:\Program Files\Java\jdk-17.0.2\bin\java.exe
0x00007ffe29c50000 - 0x00007ffe29e67000 	C:\WINDOWS\SYSTEM32\ntdll.dll
0x00007ffe28650000 - 0x00007ffe28714000 	C:\WINDOWS\System32\KERNEL32.DLL
0x00007ffe272e0000 - 0x00007ffe27686000 	C:\WINDOWS\System32\KERNELBASE.dll
0x00007ffe271c0000 - 0x00007ffe272d1000 	C:\WINDOWS\System32\ucrtbase.dll
0x00007ffe0ec40000 - 0x00007ffe0ec58000 	C:\Program Files\Java\jdk-17.0.2\bin\jli.dll
0x00007ffe126a0000 - 0x00007ffe126ba000 	C:\Program Files\Java\jdk-17.0.2\bin\VCRUNTIME140.dll
0x00007ffe29320000 - 0x00007ffe293d3000 	C:\WINDOWS\System32\ADVAPI32.dll
0x00007ffe28db0000 - 0x00007ffe28e57000 	C:\WINDOWS\System32\msvcrt.dll
0x00007ffe27ab0000 - 0x00007ffe27b58000 	C:\WINDOWS\System32\sechost.dll
0x00007ffe277b0000 - 0x00007ffe277d8000 	C:\WINDOWS\System32\bcrypt.dll
0x00007ffe27b60000 - 0x00007ffe27c77000 	C:\WINDOWS\System32\RPCRT4.dll
0x00007ffe28e60000 - 0x00007ffe2900e000 	C:\WINDOWS\System32\USER32.dll
0x00007ffe0d7c0000 - 0x00007ffe0da53000 	C:\WINDOWS\WinSxS\amd64_microsoft.windows.common-controls_6595b64144ccf1df_6.0.22621.2506_none_270c5ae97388e100\COMCTL32.dll
0x00007ffe27970000 - 0x00007ffe27996000 	C:\WINDOWS\System32\win32u.dll
0x00007ffe28880000 - 0x00007ffe288a9000 	C:\WINDOWS\System32\GDI32.dll
0x00007ffe27690000 - 0x00007ffe277a8000 	C:\WINDOWS\System32\gdi32full.dll
0x00007ffe27860000 - 0x00007ffe278fa000 	C:\WINDOWS\System32\msvcp_win.dll
0x00007ffe20b30000 - 0x00007ffe20b3a000 	C:\WINDOWS\SYSTEM32\VERSION.dll
0x00007ffe279c0000 - 0x00007ffe279f1000 	C:\WINDOWS\System32\IMM32.DLL
0x00007ffe12690000 - 0x00007ffe1269c000 	C:\Program Files\Java\jdk-17.0.2\bin\vcruntime140_1.dll
0x00007ffdb8190000 - 0x00007ffdb821d000 	C:\Program Files\Java\jdk-17.0.2\bin\msvcp140.dll
0x00007ffdb6db0000 - 0x00007ffdb7971000 	C:\Program Files\Java\jdk-17.0.2\bin\server\jvm.dll
0x00007ffe284e0000 - 0x00007ffe284e8000 	C:\WINDOWS\System32\PSAPI.DLL
0x00007ffe140f0000 - 0x00007ffe14124000 	C:\WINDOWS\SYSTEM32\WINMM.dll
0x00007ffe0e0e0000 - 0x00007ffe0e0e9000 	C:\WINDOWS\SYSTEM32\WSOCK32.dll
0x00007ffe28950000 - 0x00007ffe289c1000 	C:\WINDOWS\System32\WS2_32.dll
0x00007ffe26060000 - 0x00007ffe26078000 	C:\WINDOWS\SYSTEM32\kernel.appcore.dll
0x00007ffe0ec30000 - 0x00007ffe0ec3a000 	C:\Program Files\Java\jdk-17.0.2\bin\jimage.dll
0x00007ffe21fd0000 - 0x00007ffe22203000 	C:\WINDOWS\SYSTEM32\DBGHELP.DLL
0x00007ffe293e0000 - 0x00007ffe29769000 	C:\WINDOWS\System32\combase.dll
0x00007ffe287a0000 - 0x00007ffe28877000 	C:\WINDOWS\System32\OLEAUT32.dll
0x00007ffe21f90000 - 0x00007ffe21fc2000 	C:\WINDOWS\SYSTEM32\dbgcore.DLL
0x00007ffe277e0000 - 0x00007ffe2785a000 	C:\WINDOWS\System32\bcryptPrimitives.dll
0x00007ffe0ec00000 - 0x00007ffe0ec25000 	C:\Program Files\Java\jdk-17.0.2\bin\java.dll

dbghelp: loaded successfully - version: 4.0.5 - missing functions: none
symbol engine: initialized successfully - sym options: 0x614 - pdb path: .;C:\Program Files\Java\jdk-17.0.2\bin;C:\WINDOWS\SYSTEM32;C:\WINDOWS\WinSxS\amd64_microsoft.windows.common-controls_6595b64144ccf1df_6.0.22621.2506_none_270c5ae97388e100;C:\Program Files\Java\jdk-17.0.2\bin\server

VM Arguments:
jvm_args: --module-path=C:\Users\adelb\.m2\repository\org\openjfx\javafx-base\21.0.2\javafx-base-21.0.2-win.jar;C:\Users\adelb\.m2\repository\org\openjfx\javafx-base\21.0.2\javafx-base-21.0.2.jar;C:\Users\adelb\.m2\repository\org\openjfx\javafx-controls\21.0.2\javafx-controls-21.0.2-win.jar;C:\Users\adelb\.m2\repository\org\openjfx\javafx-controls\21.0.2\javafx-controls-21.0.2.jar;C:\Users\adelb\.m2\repository\org\openjfx\javafx-fxml\21.0.2\javafx-fxml-21.0.2-win.jar;C:\Users\adelb\.m2\repository\org\openjfx\javafx-fxml\21.0.2\javafx-fxml-21.0.2.jar;C:\Users\adelb\.m2\repository\org\openjfx\javafx-graphics\21.0.2\javafx-graphics-21.0.2-win.jar;C:\Users\adelb\.m2\repository\org\openjfx\javafx-graphics\21.0.2\javafx-graphics-21.0.2.jar --add-modules=javafx.base,javafx.controls,javafx.fxml,javafx.graphics 
java_command: test.MainFX
java_class_path (initial): C:\Users\adelb\OneDrive\Bureau\study_land\target\classes;C:\Users\adelb\.m2\repository\com\beust\jcommander\1.82\jcommander-1.82.jar;C:\Users\adelb\.m2\repository\com\google\protobuf\protobuf-java\3.21.9\protobuf-java-3.21.9.jar;C:\Users\adelb\.m2\repository\com\mysql\mysql-connector-j\8.0.33\mysql-connector-j-8.0.33.jar;C:\Users\adelb\.m2\repository\com\squareup\okhttp3\okhttp\4.9.1\okhttp-4.9.1.jar;C:\Users\adelb\.m2\repository\com\squareup\okio\okio\2.8.0\okio-2.8.0.jar;C:\Users\adelb\.m2\repository\commons-codec\commons-codec\1.11\commons-codec-1.11.jar;C:\Users\adelb\.m2\repository\commons-logging\commons-logging\1.2\commons-logging-1.2.jar;C:\Users\adelb\.m2\repository\org\apache\httpcomponents\httpclient\4.5.13\httpclient-4.5.13.jar;C:\Users\adelb\.m2\repository\org\apache\httpcomponents\httpcore\4.4.13\httpcore-4.4.13.jar;C:\Users\adelb\.m2\repository\org\controlsfx\controlsfx\9.0.0\controlsfx-9.0.0.jar;C:\Users\adelb\.m2\repository\org\jetbrains\annotations\13.0\annotations-13.0.jar;C:\Users\adelb\.m2\repository\org\jetbrains\kotlin\kotlin-stdlib\1.4.10\kotlin-stdlib-1.4.10.jar;C:\Users\adelb\.m2\repository\org\jetbrains\kotlin\kotlin-stdlib-common\1.4.0\kotlin-stdlib-common-1.4.0.jar;C:\Users\adelb\.m2\repository\org\json\json\20210307\json-20210307.jar;C:\Users\adelb\.m2\repository\org\slf4j\slf4j-api\1.7.36\slf4j-api-1.7.36.jar;C:\Users\adelb\.m2\repository\org\testng\testng\7.9.0\testng-7.9.0.jar;C:\Users\adelb\.m2\repository\org\webjars\jquery\3.7.1\jquery-3.7.1.jar
Launcher Type: SUN_STANDARD

[Global flags]
     intx CICompilerCount                          = 4                                         {product} {ergonomic}
     uint ConcGCThreads                            = 3                                         {product} {ergonomic}
     uint G1ConcRefinementThreads                  = 10                                        {product} {ergonomic}
   size_t G1HeapRegionSize                         = 2097152                                   {product} {ergonomic}
    uintx GCDrainStackTargetSize                   = 64                                        {product} {ergonomic}
   size_t InitialHeapSize                          = 266338304                                 {product} {ergonomic}
   size_t MarkStackSize                            = 4194304                                   {product} {ergonomic}
   size_t MaxHeapSize                              = 4248829952                                {product} {ergonomic}
   size_t MinHeapDeltaBytes                        = 2097152                                   {product} {ergonomic}
   size_t MinHeapSize                              = 8388608                                   {product} {ergonomic}
    uintx NonNMethodCodeHeapSize                   = 5839372                                {pd product} {ergonomic}
    uintx NonProfiledCodeHeapSize                  = 122909434                              {pd product} {ergonomic}
    uintx ProfiledCodeHeapSize                     = 122909434                              {pd product} {ergonomic}
    uintx ReservedCodeCacheSize                    = 251658240                              {pd product} {ergonomic}
     bool SegmentedCodeCache                       = true                                      {product} {ergonomic}
   size_t SoftMaxHeapSize                          = 4248829952                             {manageable} {ergonomic}
     bool UseCompressedClassPointers               = true                           {product lp64_product} {ergonomic}
     bool UseCompressedOops                        = true                           {product lp64_product} {ergonomic}
     bool UseG1GC                                  = true                                      {product} {ergonomic}
     bool UseLargePagesIndividualAllocation        = false                                  {pd product} {ergonomic}

Logging:
Log output configuration:
 #0: stdout all=warning uptime,level,tags
 #1: stderr all=off uptime,level,tags

Environment Variables:
JAVA_HOME=C:\Program Files\Java\jdk-17.0.2
PATH=C:\oraclexe\app\oracle\product\11.2.0\server\bin;C:\app\adelb\product\21c\dbhomeXE\bin;C:\Program Files\Common Files\Oracle\Java\javapath;C:\Program Files\Java\jdk-17.0.2\bin;C:\Program Files\Git\cmd;C:\Program Files\MongoDB\Server\6.0\bin;C:\mongosh-1.6.0\bin;C:\Program Files\Android\Android Studio\bin;C:\devlopment\flutter\bin;C:\Program Files\Android\Android Studio\Sdk\platforms;C:\Program Files\Android\Android Studio\Sdk\platform-tools;C:\Users\adelb\AppData\Local\Android\Sdk\platform-tools;C:\ProgramData\chocolatey\bin;C:\Users\adelb\AppData\Roaming\nvm;C:\Program Files\nodejs;C:\WINDOWS\system32;C:\WINDOWS;C:\WINDOWS\System32\Wbem;C:\WINDOWS\System32\WindowsPowerShell\v1.0\;C:\WINDOWS\System32\OpenSSH\;C:\Program Files\nodejs\;C:\ProgramData\Microsoft\Windows\Start Menu\Programs\XAMPP;C:\xampp\php;C:\ProgramData\ComposerSetup\bin;C:\Users\adelb\scoop\shims;C:\Users\adelb\AppData\Local\Programs\Python\Python311\Scripts\;C:\Users\adelb\AppData\Local\Programs\Python\Python311\;C:\Windows\System32;C:\Program Files\Git\cmd;C:\Program Files\Java\jdk-17.0.2\bin;C:\Program Files\Common Files\Oracle\Java\javapath;C:\oraclexe\app\oracle\product\10.2.0\server\bin;C:\Windows\System32\WindowsPowerShell\v1.0;C:\Program Files\MongoDB\Server\6.0\bin;C:\mongosh-1.6.0\bin;C:\Program Files\Android\Android Studio\bin;C:\Users\adelb\AppData\Local\Android\Sdk\build-tools\31.0.0\lld-bin;C:\Users\adelb\AppData\Local\Programs\Microsoft VS Code\bin;C:\flutter\bin;C:\Program Files\Android\Android Studio\Sdk\platforms;C:\Program Files\Android\Android Studio\Sdk\platform-tools;C:\Program Files\Python311;C:\Program Files\Python311\Scripts;C:\Users\adelb\AppData\Roaming\nvm;C:\Program Files\nodejs;C:\Users\adelb\AppData\Local\Microsoft\WindowsApps;C:\Users\adelb\AppData\Roaming\npm;C:\Users\adelb\AppData\Local\JetBrains\IntelliJ IDEA 2023.2.2\bin;;C:\Users\adelb\AppData\Roaming\Composer\vendor\bin;C:\Users\adelb\AppData\Local\GitHubDesktop\bin
USERNAME=adelb
OS=Windows_NT
PROCESSOR_IDENTIFIER=Intel64 Family 6 Model 165 Stepping 2, GenuineIntel



---------------  S Y S T E M  ---------------

OS:
 Windows 11 , 64 bit Build 22621 (10.0.22621.3085)
OS uptime: 0 days 12:14 hours

CPU: total 12 (initial active 12) (6 cores per cpu, 2 threads per core) family 6 model 165 stepping 2 microcode 0xe2, cx8, cmov, fxsr, ht, mmx, 3dnowpref, sse, sse2, sse3, ssse3, sse4.1, sse4.2, popcnt, lzcnt, tsc, tscinvbit, avx, avx2, aes, erms, clmul, bmi1, bmi2, adx, fma, vzeroupper, clflush, clflushopt

Memory: 4k page, system-wide physical 16202M (2033M free)
TotalPageFile size 46521M (AvailPageFile size 183M)
current process WorkingSet (physical memory assigned to process): 11M, peak: 11M
current process commit charge ("private bytes"): 64M, peak: 318M

vm_info: Java HotSpot(TM) 64-Bit Server VM (17.0.2+8-LTS-86) for windows-amd64 JRE (17.0.2+8-LTS-86), built on Dec  7 2021 21:51:03 by "mach5one" with MS VC++ 16.8 / 16.9 (VS2019)

END.
